Channels:
 - conda-forge
 - bioconda
Platform: linux-64
Collecting package metadata (repodata.json): ...working... done
Solving environment: ...working... done

## Package Plan ##

  environment location: /data/modules/python/python-miniconda3-2024-03/envs/cactus-v2.9.0

  added / updated specs:
    - bioconda::phyml


The following packages will be downloaded:

    package                    |            build
    ---------------------------|-----------------
    ca-certificates-2025.1.31  |       hbcca054_0         154 KB  conda-forge
    openssl-3.4.1              |       h7b32b05_0         2.8 MB  conda-forge
    phyml-3.3.20220408         |       h9bc3f66_3         2.0 MB  bioconda
    zlib-1.3.1                 |       h4ab18f5_1          91 KB  conda-forge
    ------------------------------------------------------------
                                           Total:         5.0 MB

The following NEW packages will be INSTALLED:

  libgfortran        conda-forge/linux-64::libgfortran-14.1.0-h69a702a_1 
  libgfortran-ng     conda-forge/linux-64::libgfortran-ng-14.1.0-h69a702a_1 
  libgfortran5       conda-forge/linux-64::libgfortran5-14.1.0-hc5f4f2c_1 
  libstdcxx          conda-forge/linux-64::libstdcxx-14.1.0-hc0a3c3a_1 
  libstdcxx-ng       conda-forge/linux-64::libstdcxx-ng-14.1.0-h4852527_1 
  mpi                conda-forge/linux-64::mpi-1.0-openmpi 
  openmpi            conda-forge/linux-64::openmpi-4.1.6-hc5af2df_101 
  phyml              bioconda/linux-64::phyml-3.3.20220408-h9bc3f66_3 
  zlib               conda-forge/linux-64::zlib-1.3.1-h4ab18f5_1 

The following packages will be UPDATED:

  ca-certificates                      2024.8.30-hbcca054_0 --> 2025.1.31-hbcca054_0 
  openssl                                  3.3.2-hb9d3cd8_0 --> 3.4.1-h7b32b05_0 


Proceed ([y]/n)? 

Downloading and Extracting Packages: ...working... done
Preparing transaction: ...working... done
Verifying transaction: ...working... failed
******************************************************************
*                  MAF Filter, version 1.2.1                     *
* Author: J. Dutheil                        Created on  10/09/10 *
*                                           Last Modif. 09/06/17 *
******************************************************************

Parsing options:
Parsing file bin/MafFilter-Phylogeny.bpp for options.
WARNING!!! Parameter input.dots not specified. Default used instead: error
WARNING!!! Parameter input.check_sequence_size not specified. Default used instead: 1
Reading file...........................: FilteredAlignments/synechococcus_mappedWH8101.clean.maf.gz as Maf(gzip)
Output log file........................: synechococcus_mappedWH8101.maffilter-phylogeny.log
-------------------------------------------------------------------
Adding filter..........................: Subset
WARNING!!! Parameter verbose not specified. Default used instead: 1
-- Verbose.............................: yes
-- All species should be in output bloc: yes
-- Sequences not in the list will be ke: no
-- Species should be present only once.: yes
-------------------------------------------------------------------
Adding filter..........................: XFullGap
-- Verbose.............................: no
-------------------------------------------------------------------
Adding filter..........................: Merge
WARNING!!! Parameter verbose not specified. Default used instead: 1
-- Verbose.............................: yes
-- Maximum distance allowed............: 100
WARNING!!! Parameter ignore_chr not specified. Default used instead: none
-------------------------------------------------------------------
Adding filter..........................: MinBlockLength
WARNING!!! Parameter verbose not specified. Default used instead: 1
-- Verbose.............................: yes
-- Minimum block length required.......: 500
-------------------------------------------------------------------
Adding filter..........................: WindowSplit
WARNING!!! Parameter verbose not specified. Default used instead: 1
-- Verbose.............................: yes
-- Preferred size......................: 5000
-- Alignment option....................: adjust
-- Keep small blocks...................: yes
-------------------------------------------------------------------
Adding filter..........................: ExternalTreeBuilding
WARNING!!! Parameter verbose not specified. Default used instead: 1
-- Verbose.............................: yes
WARNING!!! Parameter name not specified. Default used instead: external
-- Registering block-wise trees to.....: PhyML
-- External call (tree building).......: external
   Command.............................: ./bin/runPhyml.sh
-------------------------------------------------------------------
Adding filter..........................: OutputTrees
WARNING!!! Parameter verbose not specified. Default used instead: 1
-- Verbose.............................: yes
-- Output tree file....................: synechococcus_mappedWH8101.phyml_trees.dnd
-- File compression....................: none
-- Tree to write.......................: PhyML
-- Strip names.........................: yes
Parsing...
TreeBuildingSystemCallMafIterator::analyseCurrentBlock_(). System call exited with non-zero status.
completed!
