

. Command line: ./phyml -i blockIn.phy -d nt -q -m HKY85 -f m -t e -c 4 -a e -o tlr -b -1 





  ////////////////////////////////////.\\\\\\\\\\\\\\\\\\\\\\\\\\\\\\\\\\\\\\\\\\
  \\\\\\\\\\\\\\\\\\\\\\\\\\\\\\\\\\\\.//////////////////////////////////////////

        . Sequence filename:				 blockIn.phy
        . Data type:					 dna
        . Alphabet size:				 4
        . Sequence format:				 sequential
        . Number of data sets:				 1
        . Nb of bootstrapped data sets:			 0
        . Compute approximate likelihood ratio test:	 yes (aLRT statistics)
        . Model name:					 HKY85
        . Ts/tv ratio:					 estimated
        . Proportion of invariable sites:		 0.000000
        . RAS model:					 discrete Gamma
        . Number of subst. rate catgs:			 4
        . Gamma distribution parameter:			 estimated
        . 'Middle' of each rate class:			 mean
        . Nucleotide equilibrium frequencies:		 optimized
        . Optimise tree topology:			 yes
        . Starting tree:				 BioNJ
        . Add random input tree:			 no
        . Optimise branch lengths:			 yes
        . Minimum length of an edge:			 1e-08
        . Optimise substitution model parameters:	 yes
        . Run ID:					 none
        . Random seed:					 1740049298
        . Subtree patterns aliasing:			 no
        . Version:					 3.3.20241207
        . Byte alignment:				 32
        . AVX enabled:					 yes
        . SSE enabled:					 yes

  ////////////////////////////////////.\\\\\\\\\\\\\\\\\\\\\\\\\\\\\\\\\\\\\\\\\\
  \\\\\\\\\\\\\\\\\\\\\\\\\\\\\\\\\\\\.//////////////////////////////////////////



. 15 patterns found (out of a total of 4024 sites). 

. 4019 sites without polymorphism (99.88%).


. Computing pairwise distances...

. Building BioNJ tree...

. Note: taxon 'seq6' is a duplicate of taxon 'seq9'.
. Note: taxon 'seq47' is a duplicate of taxon 'seq9'.
. Note: taxon 'seq46' is a duplicate of taxon 'seq9'.
. Note: taxon 'seq45' is a duplicate of taxon 'seq9'.
. Note: taxon 'seq44' is a duplicate of taxon 'seq9'.
. Note: taxon 'seq43' is a duplicate of taxon 'seq9'.
. Note: taxon 'seq42' is a duplicate of taxon 'seq9'.
. Note: taxon 'seq41' is a duplicate of taxon 'seq9'.
. Note: taxon 'seq28' is a duplicate of taxon 'seq9'.
. Note: taxon 'seq26' is a duplicate of taxon 'seq9'.
. Note: taxon 'seq24' is a duplicate of taxon 'seq9'.
. Note: taxon 'seq23' is a duplicate of taxon 'seq9'.
. Note: taxon 'seq22' is a duplicate of taxon 'seq9'.
. Note: taxon 'seq21' is a duplicate of taxon 'seq9'.
. Note: taxon 'seq16' is a duplicate of taxon 'seq9'.
. Note: taxon 'seq14' is a duplicate of taxon 'seq9'.
. Note: taxon 'seq11' is a duplicate of taxon 'seq9'.
. Note: taxon 'seq7' is a duplicate of taxon 'seq8'.
. Note: taxon 'seq5' is a duplicate of taxon 'seq8'.
. Note: taxon 'seq40' is a duplicate of taxon 'seq8'.
. Note: taxon 'seq4' is a duplicate of taxon 'seq8'.
. Note: taxon 'seq39' is a duplicate of taxon 'seq8'.
. Note: taxon 'seq38' is a duplicate of taxon 'seq8'.
. Note: taxon 'seq37' is a duplicate of taxon 'seq8'.
. Note: taxon 'seq36' is a duplicate of taxon 'seq8'.
. Note: taxon 'seq35' is a duplicate of taxon 'seq8'.
. Note: taxon 'seq34' is a duplicate of taxon 'seq8'.
. Note: taxon 'seq33' is a duplicate of taxon 'seq8'.
. Note: taxon 'seq32' is a duplicate of taxon 'seq8'.
. Note: taxon 'seq31' is a duplicate of taxon 'seq8'.
. Note: taxon 'seq30' is a duplicate of taxon 'seq8'.
. Note: taxon 'seq29' is a duplicate of taxon 'seq8'.
. Note: taxon 'seq27' is a duplicate of taxon 'seq8'.
. Note: taxon 'seq25' is a duplicate of taxon 'seq8'.
. Note: taxon 'seq20' is a duplicate of taxon 'seq8'.
. Note: taxon 'seq19' is a duplicate of taxon 'seq8'.
. Note: taxon 'seq18' is a duplicate of taxon 'seq8'.
. Note: taxon 'seq17' is a duplicate of taxon 'seq8'.
. Note: taxon 'seq15' is a duplicate of taxon 'seq8'.
. Note: taxon 'seq13' is a duplicate of taxon 'seq8'.
. Note: taxon 'seq12' is a duplicate of taxon 'seq8'.
. Note: taxon 'seq10' is a duplicate of taxon 'seq8'.
. Note: taxon 'seq1' is a duplicate of taxon 'seq3'.
. Init log-likelihood: -5545.372052

. Score of initial tree: -5545.37

. Starting first round of SPRs...

	       0s |   1 | lnL=     -5444.5 | depth=    0/   40 | improvements=   0 | delta_lnL=    0.0/ 1000.0   +

. Second round of optimization...

	       0s |   2 | lnL=     -5444.5 | depth=    0/   36 | improvements=   0 | delta_lnL=    0.0/ 1000.0  

. Third round of optimization...

	       0s |   3 | lnL=     -5444.5 | depth=    0/   20 | improvements=   0 | delta_lnL=    0.0/ 1000.0 | triple moves=   5  

. Final optimisation steps...


. Log likelihood of the current tree: -5444.432446660523964965250.

. Calculating fast branch supports (using 'aLRT').

. Printing the most likely tree in file 'blockIn.phy_phyml_tree.txt'.

. Time used 0h0m0s

oooooooooooooooooooooooooooooooooooooooooooooooooooooooooooooooooooooooooooooooooooooooooooooooo
