

. Command line: ./../phyml -i blockIn.phy -d nt -q -m HKY85 -f m -t e -c 4 -a e -o tlr -b -1 





  ////////////////////////////////////.\\\\\\\\\\\\\\\\\\\\\\\\\\\\\\\\\\\\\\\\\\
  \\\\\\\\\\\\\\\\\\\\\\\\\\\\\\\\\\\\.//////////////////////////////////////////

        . Sequence filename:				 blockIn.phy
        . Data type:					 dna
        . Alphabet size:				 4
        . Sequence format:				 sequential
        . Number of data sets:				 1
        . Nb of bootstrapped data sets:			 0
        . Compute approximate likelihood ratio test:	 yes (aLRT statistics)
        . Model name:					 HKY85
        . Ts/tv ratio:					 estimated
        . Proportion of invariable sites:		 0.000000
        . RAS model:					 discrete Gamma
        . Number of subst. rate catgs:			 4
        . Gamma distribution parameter:			 estimated
        . 'Middle' of each rate class:			 mean
        . Nucleotide equilibrium frequencies:		 optimized
        . Optimise tree topology:			 yes
        . Starting tree:				 BioNJ
        . Add random input tree:			 no
        . Optimise branch lengths:			 yes
        . Minimum length of an edge:			 1e-08
        . Optimise substitution model parameters:	 yes
        . Run ID:					 none
        . Random seed:					 1740076116
        . Subtree patterns aliasing:			 no
        . Version:					 3.3.20241207
        . Byte alignment:				 32
        . AVX enabled:					 yes
        . SSE enabled:					 yes

  ////////////////////////////////////.\\\\\\\\\\\\\\\\\\\\\\\\\\\\\\\\\\\\\\\\\\
  \\\\\\\\\\\\\\\\\\\\\\\\\\\\\\\\\\\\.//////////////////////////////////////////



. 296 patterns found (out of a total of 523 sites). 

. 193 sites without polymorphism (36.90%).


. Computing pairwise distances...

. Building BioNJ tree...

. Note: taxon 'seq1' is a duplicate of taxon 'seq3'.
. Note: taxon 'seq22' is a duplicate of taxon 'seq24'.
. Note: taxon 'seq21' is a duplicate of taxon 'seq24'.

. This analysis requires at least 7 MB of memory space.

. Init log-likelihood: -7138.010957

. Score of initial tree: -7138.01

. Starting first round of SPRs...

	       1s |   1 | lnL=     -6904.1 | depth=    2/   40 | improvements=  22 | delta_lnL=    4.1/ 1000.0   +
	       2s |   2 | lnL=     -6901.5 | depth=    3/   24 | improvements=  25 | delta_lnL=   19.2/ 1000.0   +
	       4s |   3 | lnL=     -6906.6 | depth=    2/   14 | improvements=  22 | delta_lnL=   50.3/ 1000.0  
	       4s |   4 | lnL=     -6919.4 | depth=    2/    8 | improvements=  16 | delta_lnL=    0.8/ 1000.0  
	       5s |   5 | lnL=     -6904.3 | depth=    2/    8 | improvements=  17 | delta_lnL=   14.2/ 1000.0  
	       5s |   6 | lnL=     -6911.7 | depth=    2/    8 | improvements=  21 | delta_lnL=   22.1/  100.6  
	       6s |   7 | lnL=     -6904.9 | depth=    2/    8 | improvements=  21 | delta_lnL=    1.6/  100.6  
	       6s |   8 | lnL=     -6902.6 | depth=    4/    8 | improvements=  26 | delta_lnL=   17.2/  100.6  
	       7s |   9 | lnL=     -6896.2 | depth=    2/   10 | improvements=  21 | delta_lnL=    8.6/  100.6   +
	       7s |  10 | lnL=     -6897.3 | depth=    1/    8 | improvements=  20 | delta_lnL=    0.0/   50.0  
	       7s |  11 | lnL=     -6913.6 | depth=    2/    7 | improvements=  17 | delta_lnL=   13.3/   50.0  
	       8s |  12 | lnL=     -6896.8 | depth=    2/    8 | improvements=  11 | delta_lnL=   25.7/   50.0  

. Second round of optimization...

	       8s |  13 | lnL=     -6892.5 | depth=    4/   12 | improvements=  12 | delta_lnL=    9.2/   50.0   +
	       8s |  14 | lnL=     -6894.0 | depth=    9/    9 | improvements=  17 | delta_lnL=    6.2/   20.0  
	       8s |  15 | lnL=     -6897.2 | depth=    2/   13 | improvements=  17 | delta_lnL=    0.0/   20.0  
	       9s |  16 | lnL=     -6890.0 | depth=    2/   10 | improvements=  16 | delta_lnL=    4.5/   20.0   +
	       9s |  17 | lnL=     -6900.3 | depth=    2/    8 | improvements=  17 | delta_lnL=    4.8/   20.0  
	       9s |  18 | lnL=     -6894.8 | depth=    2/    6 | improvements=  12 | delta_lnL=    3.3/   20.0  
	       9s |  19 | lnL=     -6887.6 | depth=    2/    6 | improvements=  10 | delta_lnL=    4.4/   20.0   +
	       9s |  20 | lnL=     -6893.1 | depth=    3/    6 | improvements=   7 | delta_lnL=    4.7/   20.0  
	      11s |  21 | lnL=     -6889.2 | depth=    4/    7 | improvements=   7 | delta_lnL=    8.6/   20.0  
	      11s |  22 | lnL=     -6894.4 | depth=    3/    8 | improvements=  11 | delta_lnL=    4.6/   20.0  
	      11s |  23 | lnL=     -6895.2 | depth=    2/    7 | improvements=  23 | delta_lnL=   19.5/   20.0  
	      12s |  24 | lnL=     -6889.1 | depth=    2/    6 | improvements=  13 | delta_lnL=    1.5/   20.0  
	      12s |  25 | lnL=     -6892.0 | depth=    2/    6 | improvements=  10 | delta_lnL=    8.3/   20.0  
	      12s |  26 | lnL=     -6889.3 | depth=    3/    6 | improvements=  11 | delta_lnL=    6.4/   38.9  
	      12s |  27 | lnL=     -6891.8 | depth=    1/    7 | improvements=   9 | delta_lnL=    0.0/   38.9  
	      12s |  28 | lnL=     -6897.2 | depth=    1/    5 | improvements=   8 | delta_lnL=    0.0/   38.9  

. Third round of optimization...

	      14s |  29 | lnL=     -6882.8 | depth=    1/   10 | improvements=   7 | delta_lnL=    0.0/  100.0 | triple moves=   5   +
	      15s |  30 | lnL=     -6882.0 | depth=    0/    8 | improvements=   1 | delta_lnL=    0.0/  100.0 | triple moves=   5   +
	      18s |  31 | lnL=     -6881.9 | depth=    0/    6 | improvements=   1 | delta_lnL=    0.0/  100.0 | triple moves=   5   +
	      20s |  32 | lnL=     -6881.9 | depth=    0/    5 | improvements=   0 | delta_lnL=    0.0/  100.0 | triple moves=   5   +

. Final optimisation steps...


. Log likelihood of the current tree: -6881.806451748376275645569.

. Calculating fast branch supports (using 'aLRT').

. Printing the most likely tree in file 'blockIn.phy_phyml_tree.txt'.

. Time used 0h0m22s

oooooooooooooooooooooooooooooooooooooooooooooooooooooooooooooooooooooooooooooooooooooooooooooooo
